<?xml version="1.0" encoding="utf-8"?><testsuites name="pytest tests"><testsuite name="pytest" errors="0" failures="1" skipped="0" tests="9" time="6.717" timestamp="2026-09-03T05:32:47.029882+00:00" hostname="agent-env-93062cfa-0217-4d7e-8b65-01cc8558403e"><testcase classname="tests.test_iteration53_mainvideo_stripe.TestAdminPersistence" name="test_patch_persists_and_get_reflects" time="0.725" /><testcase classname="tests.test_iteration53_mainvideo_stripe.TestAdminPersistence" name="test_clear_then_reset" time="0.324" /><testcase classname="tests.test_iteration53_mainvideo_stripe.TestMainVideoGating" name="test_anon_hidden_and_no_leak" time="0.106" /><testcase classname="tests.test_iteration53_mainvideo_stripe.TestMainVideoGating" name="test_no_access_user_locked" time="2.738" /><testcase classname="tests.test_iteration53_mainvideo_stripe.TestMainVideoGating" name="test_entitled_student_can_play" time="0.497" /><testcase classname="tests.test_iteration53_mainvideo_stripe.TestMainVideoGating" name="test_program_list_does_not_leak_main_video_url" time="0.167"><failure message="AssertionError: GET /api/programs list leaks raw main_video_url to anonymous callers&#10;assert 'main_video_url' not in '[{&quot;id&quot;:&quot;758...ge&quot;:&quot;both&quot;}]'&#10;  &#10;  'main_video_url' is contained here:&#10;    [{&quot;id&quot;:&quot;7585a2ef-01a1-4854-84f5-1eba68cfea66&quot;,&quot;title&quot;:&quot;Core 26+&quot;,&quot;description&quot;:&quot;The foundational 26-pose hot yoga sequence. Perfect for beginners and those looking to master the essential poses that form the basis of all yoga practice. 200 hours.&quot;,&quot;level&quot;:&quot;beginner&quot;,&quot;style&quot;:&quot;Core 26+&quot;,&quot;instructor_id&quot;:&quot;de8dcd27-9b54-4a8d-9d38-baedd877a102&quot;,&quot;duration_weeks&quot;:12,&quot;price_model&quot;:&quot;one_time&quot;,&quot;price&quot;:199.0,&quot;currency&quot;:&quot;eur&quot;,&quot;cover_image&quot;:&quot;https://customer-assets.emergentagent.com/job_yogasage/artifacts/ayolpmc7_3.png&quot;,&quot;trailer_url&quot;:&quot;https://assets.mixkit.c...&#10;  &#10;  ...Full output truncated (2 lines hidden), use '-vv' to show">tests/test_iteration53_mainvideo_stripe.py:138: in test_program_list_does_not_leak_main_video_url
    assert "main_video_url" not in r.text, \
E   AssertionError: GET /api/programs list leaks raw main_video_url to anonymous callers
E   assert 'main_video_url' not in '[{"id":"758...ge":"both"}]'
E     
E     'main_video_url' is contained here:
E       [{"id":"7585a2ef-01a1-4854-84f5-1eba68cfea66","title":"Core 26+","description":"The foundational 26-pose hot yoga sequence. Perfect for beginners and those looking to master the essential poses that form the basis of all yoga practice. 200 hours.","level":"beginner","style":"Core 26+","instructor_id":"de8dcd27-9b54-4a8d-9d38-baedd877a102","duration_weeks":12,"price_model":"one_time","price":199.0,"currency":"eur","cover_image":"https://customer-assets.emergentagent.com/job_yogasage/artifacts/ayolpmc7_3.png","trailer_url":"https://assets.mixkit.c...
E     
E     ...Full output truncated (2 lines hidden), use '-vv' to show</failure></testcase><testcase classname="tests.test_iteration53_mainvideo_stripe.TestStripeGraceful" name="test_onetime_program_returns_503" time="0.162" /><testcase classname="tests.test_iteration53_mainvideo_stripe.TestStripeGraceful" name="test_dropin_returns_503" time="0.120" /><testcase classname="tests.test_iteration53_mainvideo_stripe.TestStripeGraceful" name="test_503_does_not_strand_partial_store_credit" time="1.777" /></testsuite></testsuites>