<?xml version="1.0" encoding="utf-8"?><testsuites name="pytest tests"><testsuite name="pytest" errors="0" failures="3" skipped="0" tests="10" time="2.071" timestamp="2026-09-02T13:16:27.001568+00:00" hostname="agent-env-93062cfa-0217-4d7e-8b65-01cc8558403e"><testcase classname="tests.test_iteration52_stripe.TestHealth" name="test_health" time="0.511" /><testcase classname="tests.test_iteration52_stripe.TestHealth" name="test_settings_public" time="0.069" /><testcase classname="tests.test_iteration52_stripe.TestStripeOneTime" name="test_product_onetime_checkout_session" time="0.976"><failure message="AssertionError: 500: Internal Server Error&#10;assert 500 == 200&#10; +  where 500 = &lt;Response [500]&gt;.status_code">tests/test_iteration52_stripe.py:94: in test_product_onetime_checkout_session
    assert r.status_code == 200, f"{r.status_code}: {r.text[:500]}"
E   AssertionError: 500: Internal Server Error
E   assert 500 == 200
E    +  where 500 = &lt;Response [500]&gt;.status_code</failure></testcase><testcase classname="tests.test_iteration52_stripe.TestHealth" name="test_programs_is_array" time="0.064" /><testcase classname="tests.test_iteration52_stripe.TestStripeWebhook" name="test_webhook_unsigned_body" time="0.345" /><testcase classname="tests.test_iteration52_stripe.TestStripeWebhook" name="test_webhook_bad_signature" time="0.160" /><testcase classname="tests.test_iteration52_stripe.TestStripeOneTime" name="test_checkout_status_retrieve" time="0.001"><failure message="AssertionError: prerequisite session not created&#10;assert None">tests/test_iteration52_stripe.py:104: in test_checkout_status_retrieve
    assert sid, "prerequisite session not created"
E   AssertionError: prerequisite session not created
E   assert None</failure></testcase><testcase classname="tests.test_iteration52_stripe.TestStripeOneTime" name="test_checkout_status_invalid_session" time="0.082" /><testcase classname="tests.test_iteration52_stripe.TestStripeSubscription" name="test_membership_checkout_session" time="0.461"><failure message="AssertionError: 500: Internal Server Error&#10;assert 500 == 200&#10; +  where 500 = &lt;Response [500]&gt;.status_code">tests/test_iteration52_stripe.py:134: in test_membership_checkout_session
    assert r.status_code == 200, f"{r.status_code}: {r.text[:500]}"
E   AssertionError: 500: Internal Server Error
E   assert 500 == 200
E    +  where 500 = &lt;Response [500]&gt;.status_code</failure></testcase><testcase classname="tests.test_iteration52_stripe.TestAssistant" name="test_assistant_chat" time="0.089" /></testsuite></testsuites>