<?xml version="1.0" encoding="utf-8"?><testsuites name="pytest tests"><testsuite name="pytest" errors="0" failures="0" skipped="0" tests="10" time="27.290" timestamp="2026-09-04T08:40:50.346097+00:00" hostname="agent-env-93062cfa-0217-4d7e-8b65-01cc8558403e"><testcase classname="tests.test_iteration54_account_deletion" name="test_public_legal_routes_served[/privacy]" time="0.277" /><testcase classname="tests.test_iteration54_account_deletion" name="test_public_legal_routes_served[/terms]" time="0.071" /><testcase classname="tests.test_iteration54_account_deletion" name="test_public_legal_routes_served[/account-deletion]" time="0.069" /><testcase classname="tests.test_iteration54_account_deletion" name="test_public_legal_routes_served[/support]" time="0.073" /><testcase classname="tests.test_iteration54_account_deletion" name="test_public_deletion_request" time="8.882" /><testcase classname="tests.test_iteration54_account_deletion" name="test_public_deletion_request_invalid_email" time="0.075" /><testcase classname="tests.test_iteration54_account_deletion" name="test_public_deletion_request_requires_no_auth" time="7.605" /><testcase classname="tests.test_iteration54_account_deletion" name="test_status_requires_auth" time="0.075" /><testcase classname="tests.test_iteration54_account_deletion" name="test_full_grace_period_flow" time="9.056" /><testcase classname="tests.test_iteration54_account_deletion" name="test_demo_accounts_not_scheduled" time="0.733" /></testsuite></testsuites>